Línea 432: la clase MSAdodcLib.Adodc del control Adodc1 no era una clase de control cargada.
Línea 479: la clase MSFlexGridLib.MSFlexGrid del control MSFlexGrid1 no era una clase de control cargada.
Línea 492: la clase MSAdodcLib.Adodc del control Adodc2 no era una clase de control cargada.
Línea 438: el nombre de la propiedad _ExtentX de Adodc1 no es válido.
Línea 439: el nombre de la propiedad _ExtentY de Adodc1 no es válido.
Línea 440: el nombre de la propiedad ConnectMode de Adodc1 no es válido.
Línea 441: el nombre de la propiedad CursorLocation de Adodc1 no es válido.
Línea 442: el nombre de la propiedad IsolationLevel de Adodc1 no es válido.
Línea 443: el nombre de la propiedad ConnectionTimeout de Adodc1 no es válido.
Línea 444: el nombre de la propiedad CommandTimeout de Adodc1 no es válido.
Línea 445: el nombre de la propiedad CursorType de Adodc1 no es válido.
Línea 446: el nombre de la propiedad LockType de Adodc1 no es válido.
Línea 447: el nombre de la propiedad CommandType de Adodc1 no es válido.
Línea 448: el nombre de la propiedad CursorOptions de Adodc1 no es válido.
Línea 449: el nombre de la propiedad CacheSize de Adodc1 no es válido.
Línea 450: el nombre de la propiedad MaxRecords de Adodc1 no es válido.
Línea 451: el nombre de la propiedad BOFAction de Adodc1 no es válido.
Línea 452: el nombre de la propiedad EOFAction de Adodc1 no es válido.
Línea 453: el nombre de la propiedad ConnectStringType de Adodc1 no es válido.
Línea 457: el nombre de la propiedad Orientation de Adodc1 no es válido.
Línea 459: el nombre de la propiedad Connect de Adodc1 no es válido.
Línea 460: el nombre de la propiedad OLEDBString de Adodc1 no es válido.
Línea 461: el nombre de la propiedad OLEDBFile de Adodc1 no es válido.
Línea 462: el nombre de la propiedad DataSourceName de Adodc1 no es válido.
Línea 463: el nombre de la propiedad OtherAttributes de Adodc1 no es válido.
Línea 464: el nombre de la propiedad UserName de Adodc1 no es válido.
Línea 465: el nombre de la propiedad Password de Adodc1 no es válido.
Línea 466: el nombre de la propiedad RecordSource de Adodc1 no es válido.
Línea 467: el nombre de la propiedad Caption de Adodc1 no es válido.
Línea 477: el nombre de la propiedad _Version de Adodc1 no es válido.
Línea 485: el nombre de la propiedad _ExtentX de MSFlexGrid1 no es válido.
Línea 486: el nombre de la propiedad _ExtentY de MSFlexGrid1 no es válido.
Línea 487: el nombre de la propiedad _Version de MSFlexGrid1 no es válido.
Línea 488: el nombre de la propiedad Rows de MSFlexGrid1 no es válido.
Línea 489: el nombre de la propiedad Cols de MSFlexGrid1 no es válido.
Línea 490: el nombre de la propiedad ScrollBars de MSFlexGrid1 no es válido.
Línea 498: el nombre de la propiedad _ExtentX de Adodc2 no es válido.
Línea 499: el nombre de la propiedad _ExtentY de Adodc2 no es válido.
Línea 500: el nombre de la propiedad ConnectMode de Adodc2 no es válido.
Línea 501: el nombre de la propiedad CursorLocation de Adodc2 no es válido.
Línea 502: el nombre de la propiedad IsolationLevel de Adodc2 no es válido.
Línea 503: el nombre de la propiedad ConnectionTimeout de Adodc2 no es válido.
Línea 504: el nombre de la propiedad CommandTimeout de Adodc2 no es válido.
Línea 505: el nombre de la propiedad CursorType de Adodc2 no es válido.
Línea 506: el nombre de la propiedad LockType de Adodc2 no es válido.
Línea 507: el nombre de la propiedad CommandType de Adodc2 no es válido.
Línea 508: el nombre de la propiedad CursorOptions de Adodc2 no es válido.
Línea 509: el nombre de la propiedad CacheSize de Adodc2 no es válido.
Línea 510: el nombre de la propiedad MaxRecords de Adodc2 no es válido.
Línea 511: el nombre de la propiedad BOFAction de Adodc2 no es válido.
Línea 512: el nombre de la propiedad EOFAction de Adodc2 no es válido.
Línea 513: el nombre de la propiedad ConnectStringType de Adodc2 no es válido.
Línea 517: el nombre de la propiedad Orientation de Adodc2 no es válido.
Línea 519: el nombre de la propiedad Connect de Adodc2 no es válido.
Línea 520: el nombre de la propiedad OLEDBString de Adodc2 no es válido.
Línea 521: el nombre de la propiedad OLEDBFile de Adodc2 no es válido.
Línea 522: el nombre de la propiedad DataSourceName de Adodc2 no es válido.
Línea 523: el nombre de la propiedad OtherAttributes de Adodc2 no es válido.
Línea 524: el nombre de la propiedad UserName de Adodc2 no es válido.
Línea 525: el nombre de la propiedad Password de Adodc2 no es válido.
Línea 526: el nombre de la propiedad RecordSource de Adodc2 no es válido.
Línea 527: el nombre de la propiedad Caption de Adodc2 no es válido.
Línea 537: el nombre de la propiedad _Version de Adodc2 no es válido.
